['/software/cellranger-7.1-el8-x86_64/bin/rna/mkref', '--genome=GRCh38_with_IAV_and_RV', '--fasta=merged_reference.fna', '--genes=merged_reference.gtf']
Nov 15 12:30:18 ..... started STAR run
Nov 15 12:30:18 ... starting to generate Genome files
Nov 15 12:31:46 ... starting to sort Suffix Array. This may take a long time...
Nov 15 12:31:53 ... sorting Suffix Array chunks and saving them to disk...
Nov 15 13:16:04 ... loading chunks from disk, packing SA...
Nov 15 13:16:32 ... finished generating suffix array
Nov 15 13:16:32 ... generating Suffix Array index
Nov 15 13:18:34 ... completed Suffix Array index
Nov 15 13:18:34 ..... processing annotations GTF
Nov 15 13:18:55 ..... inserting junctions into the genome indices
Nov 15 13:27:07 ... writing Genome to disk ...
Nov 15 13:27:09 ... writing Suffix Array to disk ...
Nov 15 13:27:16 ... writing SAindex to disk
Nov 15 13:27:17 ..... finished successfully
Creating new reference folder at /project/lbarreiro/USERS/daniel/asthma_project/alignment/GRCh38_with_IAV_and_RV
...done

Writing genome FASTA file into reference folder...
...done

Indexing genome FASTA file...
...done

Writing genes GTF file into reference folder...
WARNING: The following transcripts appear on multiple chromosomes in the GTF:
unassigned_transcript_1

This can indicate a problem with the reference or annotations. Only the first chromosome will be counted.
...done

Generating STAR genome index (may take over 8 core hours for a 3Gb genome)...
...done.

Writing genome metadata JSON file into reference folder...
Computing hash of genome FASTA file...
...done

Computing hash of genes GTF file...
...done

...done

>>> Reference successfully created! <<<

You can now specify this reference on the command line:
cellranger --transcriptome=/project/lbarreiro/USERS/daniel/asthma_project/alignment/GRCh38_with_IAV_and_RV ...
